<?xml version="1.0" encoding="UTF-8"?>
<!-- Generated by org.testng.reporters.JUnitReportReporter -->
<testsuite skipped="0" hostname="DESKTOP-Q0UIBES" name="com.sauceDemo.TestScripts.ProductAddTest" tests="2" failures="0" timestamp="2 Oct 2020 16:05:28 GMT" time="66.192" errors="0">
  <testcase name="verifyCorrectProductGetsAddedToCart" time="0.160" classname="com.sauceDemo.TestScripts.ProductAddTest"/>
  <testcase name="verifyUserCanSeeAddToCartOnProductDetail" time="66.032" classname="com.sauceDemo.TestScripts.ProductAddTest"/>
</testsuite> <!-- com.sauceDemo.TestScripts.ProductAddTest -->
