<?xml version="1.0" encoding="UTF-8"?>
<!-- Generated by org.testng.reporters.JUnitReportReporter -->
<testsuite skipped="0" hostname="DESKTOP-Q0UIBES" name="com.sauceDemo.TestScripts.ProductAddTest" tests="2" failures="0" timestamp="2 Oct 2020 13:14:37 GMT" time="2.049" errors="0">
  <testcase name="verifyCorrectProductGetsAddedToCart" time="0.058" classname="com.sauceDemo.TestScripts.ProductAddTest"/>
  <testcase name="verifyUserCanSeeAddToCartOnProductDetail" time="1.991" classname="com.sauceDemo.TestScripts.ProductAddTest"/>
</testsuite> <!-- com.sauceDemo.TestScripts.ProductAddTest -->
