<?xml version="1.0" encoding="UTF-8"?>
<!-- Generated by org.testng.reporters.JUnitReportReporter -->
<testsuite skipped="0" hostname="DESKTOP-Q0UIBES" name="com.sauceDemo.TestScripts.LoginTest" tests="4" failures="0" timestamp="2 Oct 2020 13:14:37 GMT" time="5.454" errors="0">
  <testcase name="verifyLoginShouldFailWithoutPassword" time="0.336" classname="com.sauceDemo.TestScripts.LoginTest"/>
  <testcase name="verifyUnableToLoginWithInvalidCredentials" time="0.395" classname="com.sauceDemo.TestScripts.LoginTest"/>
  <testcase name="verifyLockedOutUserLogin" time="0.726" classname="com.sauceDemo.TestScripts.LoginTest"/>
  <testcase name="vertifySuccessfullLogin" time="3.997" classname="com.sauceDemo.TestScripts.LoginTest"/>
</testsuite> <!-- com.sauceDemo.TestScripts.LoginTest -->
