<?xml version="1.0" encoding="UTF-8"?>
<!-- Generated by org.testng.reporters.JUnitReportReporter -->
<testsuite skipped="0" hostname="DESKTOP-Q0UIBES" name="com.sauceDemo.TestScripts.LoginTest" tests="4" failures="0" timestamp="2 Oct 2020 16:05:28 GMT" time="51.088" errors="0">
  <testcase name="verifyLoginShouldFailWithoutPassword" time="0.418" classname="com.sauceDemo.TestScripts.LoginTest"/>
  <testcase name="verifyLockedOutUserLogin" time="2.672" classname="com.sauceDemo.TestScripts.LoginTest"/>
  <testcase name="vertifySuccessfullLogin" time="47.546" classname="com.sauceDemo.TestScripts.LoginTest"/>
  <testcase name="verifyUnableToLoginWithInvalidCredentials" time="0.452" classname="com.sauceDemo.TestScripts.LoginTest"/>
</testsuite> <!-- com.sauceDemo.TestScripts.LoginTest -->
