<?xml version="1.0" encoding="UTF-8"?>
<!-- Generated by org.testng.reporters.JUnitReportReporter -->
<testsuite skipped="0" hostname="DESKTOP-Q0UIBES" name="com.sauceDemo.TestScripts.LoginTest" tests="4" failures="0" timestamp="02 Oct 2020 13:11:44 GMT" time="7.647" errors="0">
  <testcase name="verifyLockedOutUserLogin" time="2.152" classname="com.sauceDemo.TestScripts.LoginTest"/>
  <testcase name="verifyLoginShouldFailWithoutPassword" time="0.290" classname="com.sauceDemo.TestScripts.LoginTest"/>
  <testcase name="verifyUnableToLoginWithInvalidCredentials" time="0.377" classname="com.sauceDemo.TestScripts.LoginTest"/>
  <testcase name="vertifySuccessfullLogin" time="4.828" classname="com.sauceDemo.TestScripts.LoginTest"/>
</testsuite> <!-- com.sauceDemo.TestScripts.LoginTest -->
