<?xml version="1.0" encoding="UTF-8"?>
<!-- Generated by org.testng.reporters.JUnitReportReporter -->
<testsuite skipped="0" hostname="DESKTOP-Q0UIBES" name="com.sauceDemo.TestScripts.ProductAddTest" tests="2" failures="0" timestamp="04 Oct 2020 05:46:35 GMT" time="2.350" errors="0">
  <testcase name="verifyUserCanSeeAddToCartOnProductDetail" time="2.291" classname="com.sauceDemo.TestScripts.ProductAddTest"/>
  <testcase name="verifyCorrectProductGetsAddedToCart" time="0.059" classname="com.sauceDemo.TestScripts.ProductAddTest"/>
</testsuite> <!-- com.sauceDemo.TestScripts.ProductAddTest -->
