<?xml version="1.0" encoding="UTF-8"?>
<!-- Generated by org.testng.reporters.JUnitReportReporter -->
<testsuite skipped="0" hostname="DESKTOP-Q0UIBES" name="com.sauceDemo.TestScripts.ProductAddTest" tests="2" failures="0" timestamp="02 Oct 2020 13:11:44 GMT" time="5.372" errors="0">
  <testcase name="verifyUserCanSeeAddToCartOnProductDetail" time="5.312" classname="com.sauceDemo.TestScripts.ProductAddTest"/>
  <testcase name="verifyCorrectProductGetsAddedToCart" time="0.060" classname="com.sauceDemo.TestScripts.ProductAddTest"/>
</testsuite> <!-- com.sauceDemo.TestScripts.ProductAddTest -->
