<?xml version="1.0" encoding="UTF-8"?>
<!-- Generated by org.testng.reporters.JUnitReportReporter -->
<testsuite skipped="0" hostname="DESKTOP-Q0UIBES" name="com.sauceDemo.TestScripts.LoginTest" tests="4" failures="0" timestamp="04 Oct 2020 05:46:35 GMT" time="4.004" errors="0">
  <testcase name="verifyLockedOutUserLogin" time="0.786" classname="com.sauceDemo.TestScripts.LoginTest"/>
  <testcase name="verifyLoginShouldFailWithoutPassword" time="0.305" classname="com.sauceDemo.TestScripts.LoginTest"/>
  <testcase name="verifyUnableToLoginWithInvalidCredentials" time="0.429" classname="com.sauceDemo.TestScripts.LoginTest"/>
  <testcase name="vertifySuccessfullLogin" time="2.484" classname="com.sauceDemo.TestScripts.LoginTest"/>
</testsuite> <!-- com.sauceDemo.TestScripts.LoginTest -->
